2024-12-19 01:28:55.410 [info] [main] Log level: Info
2024-12-19 01:28:55.410 [info] [main] Validating found git in: "git"
2024-12-19 01:28:55.410 [info] [main] Using git "2.43.0" from "git"
2024-12-19 01:28:55.410 [info] [Model][doInitialScan] Initial repository scan started
2024-12-19 01:28:55.410 [info] > git rev-parse --show-toplevel [2ms]
2024-12-19 01:28:55.410 [info] fatal: not a git repository (or any of the parent directories): .git
2024-12-19 01:28:55.410 [info] > git rev-parse --show-toplevel [3ms]
2024-12-19 01:28:55.410 [info] fatal: not a git repository (or any of the parent directories): .git
2024-12-19 01:28:55.411 [info] > git rev-parse --show-toplevel [2ms]
2024-12-19 01:28:55.411 [info] fatal: not a git repository (or any of the parent directories): .git
2024-12-19 01:28:55.414 [info] > git rev-parse --show-toplevel [1ms]
2024-12-19 01:28:55.414 [info] fatal: not a git repository (or any of the parent directories): .git
2024-12-19 01:28:55.417 [info] [Model][doInitialScan] Initial repository scan completed - repositories (0), closed repositories (0), parent repositories (0), unsafe repositories (0)
2024-12-19 04:52:57.678 [info] > git rev-parse --show-toplevel [4ms]
2024-12-19 04:52:57.683 [info] > git rev-parse --git-dir --git-common-dir [0ms]
2024-12-19 04:52:57.705 [info] [Model][openRepository] Opened repository: /root
2024-12-19 04:52:57.713 [info] [Git][getRemotes] No remotes found in the git config file
2024-12-19 04:52:57.716 [info] > git config --get commit.template [4ms]
2024-12-19 04:52:57.717 [info] > git for-each-ref --format=%(refname)%00%(upstream:short)%00%(objectname)%00%(upstream:track)%00%(upstream:remotename)%00%(upstream:remoteref) refs/heads/master refs/remotes/master [2ms]
2024-12-19 04:52:57.721 [warning] [Git][getBranch] No such branch: master
2024-12-19 04:52:57.728 [info] > git for-each-ref --sort -committerdate --format %(refname) %(objectname) %(*objectname) [2ms]
2024-12-19 04:52:57.805 [info] > git status -z -uall [82ms]
2024-12-19 04:52:57.891 [info] > git for-each-ref --format=%(refname)%00%(upstream:short)%00%(objectname)%00%(upstream:track)%00%(upstream:remotename)%00%(upstream:remoteref) refs/heads/master refs/remotes/master [12ms]
2024-12-19 04:52:57.891 [warning] [Git][getBranch] No such branch: master
2024-12-19 04:52:57.892 [error] [GitHistoryProvider][resolveHEADMergeBase] Failed to resolve merge base for master: Error: No such branch: master.
2024-12-19 04:52:57.895 [info] > git config --get commit.template [4ms]
2024-12-19 04:52:57.895 [info] [Git][getRemotes] No remotes found in the git config file
2024-12-19 04:52:57.910 [info] > git for-each-ref --format=%(refname)%00%(upstream:short)%00%(objectname)%00%(upstream:track)%00%(upstream:remotename)%00%(upstream:remoteref) refs/heads/master refs/remotes/master [13ms]
2024-12-19 04:52:57.910 [warning] [Git][getBranch] No such branch: master
2024-12-19 04:52:57.914 [info] > git for-each-ref --sort -committerdate --format %(refname) %(objectname) %(*objectname) [1ms]
2024-12-19 04:52:57.919 [info] > git status -z -uall [8ms]
2024-12-19 04:52:58.236 [info] > git check-ignore -v -z --stdin [2ms]
2024-12-19 04:53:03.439 [info] > git config --get commit.template [4ms]
2024-12-19 04:53:03.439 [info] [Git][getRemotes] No remotes found in the git config file
2024-12-19 04:53:03.440 [info] > git for-each-ref --format=%(refname)%00%(upstream:short)%00%(objectname)%00%(upstream:track)%00%(upstream:remotename)%00%(upstream:remoteref) refs/heads/master refs/remotes/master [2ms]
2024-12-19 04:53:03.440 [warning] [Git][getBranch] No such branch: master
2024-12-19 04:53:03.445 [info] > git for-each-ref --sort -committerdate --format %(refname) %(objectname) %(*objectname) [1ms]
2024-12-19 04:53:03.449 [info] > git status -z -uall [7ms]
2024-12-19 04:53:08.464 [info] [Git][getRemotes] No remotes found in the git config file
2024-12-19 04:53:08.464 [info] > git config --get commit.template [3ms]
2024-12-19 04:53:08.465 [info] > git for-each-ref --format=%(refname)%00%(upstream:short)%00%(objectname)%00%(upstream:track)%00%(upstream:remotename)%00%(upstream:remoteref) refs/heads/master refs/remotes/master [2ms]
2024-12-19 04:53:08.465 [warning] [Git][getBranch] No such branch: master
2024-12-19 04:53:08.470 [info] > git for-each-ref --sort -committerdate --format %(refname) %(objectname) %(*objectname) [1ms]
2024-12-19 04:53:08.475 [info] > git status -z -uall [8ms]
